  [4;36;1mSQL (0.1ms)[0m   [0;1mSET NAMES 'utf8'[0m
  [4;35;1mSQL (0.2ms)[0m   [0mSET SQL_AUTO_IS_NULL=0[0m


Processing ApplicationController#index (for 127.0.0.1 at 2014-11-27 12:47:33) [GET]

ActionController::RoutingError (No route matches "/home/notices" with {:method=>:get}):
  warden (0.10.7) lib/warden/manager.rb:35:in `call'
  warden (0.10.7) lib/warden/manager.rb:34:in `catch'
  warden (0.10.7) lib/warden/manager.rb:34:in `call'
  devise (1.0.11) lib/devise/rails/warden_compat.rb:43:in `call'
  passenger (4.0.50) lib/phusion_passenger/rack/thread_handler_extension.rb:74:in `process_request'
  passenger (4.0.50) lib/phusion_passenger/request_handler/thread_handler.rb:141:in `accept_and_process_next_request'
  passenger (4.0.50) lib/phusion_passenger/request_handler/thread_handler.rb:109:in `main_loop'
  passenger (4.0.50) lib/phusion_passenger/request_handler.rb:455:in `start_threads'
  passenger (4.0.50) lib/phusion_passenger/request_handler.rb:449:in `initialize'
  passenger (4.0.50) lib/phusion_passenger/request_handler.rb:449:in `new'
  passenger (4.0.50) lib/phusion_passenger/request_handler.rb:449:in `start_threads'
  passenger (4.0.50) lib/phusion_passenger/request_handler.rb:448:in `times'
  passenger (4.0.50) lib/phusion_passenger/request_handler.rb:448:in `start_threads'
  passenger (4.0.50) lib/phusion_passenger/request_handler.rb:447:in `synchronize'
  passenger (4.0.50) lib/phusion_passenger/request_handler.rb:447:in `start_threads'
  passenger (4.0.50) lib/phusion_passenger/request_handler.rb:208:in `main_loop'
  passenger (4.0.50) helper-scripts/classic-rails-preloader.rb:187

Rendering rescues/layout (not_found)
  [4;36;1mSQL (0.1ms)[0m   [0;1mSET NAMES 'utf8'[0m
  [4;35;1mSQL (0.1ms)[0m   [0mSET SQL_AUTO_IS_NULL=0[0m


Processing AdminController#index (for 127.0.0.1 at 2014-11-27 12:47:39) [GET]

ActionController::UnknownAction (No action responded to index. Actions: home):
  warden (0.10.7) lib/warden/manager.rb:35:in `call'
  warden (0.10.7) lib/warden/manager.rb:34:in `catch'
  warden (0.10.7) lib/warden/manager.rb:34:in `call'
  devise (1.0.11) lib/devise/rails/warden_compat.rb:43:in `call'
  passenger (4.0.50) lib/phusion_passenger/rack/thread_handler_extension.rb:74:in `process_request'
  passenger (4.0.50) lib/phusion_passenger/request_handler/thread_handler.rb:141:in `accept_and_process_next_request'
  passenger (4.0.50) lib/phusion_passenger/request_handler/thread_handler.rb:109:in `main_loop'
  passenger (4.0.50) lib/phusion_passenger/request_handler.rb:455:in `start_threads'
  passenger (4.0.50) lib/phusion_passenger/request_handler.rb:449:in `initialize'
  passenger (4.0.50) lib/phusion_passenger/request_handler.rb:449:in `new'
  passenger (4.0.50) lib/phusion_passenger/request_handler.rb:449:in `start_threads'
  passenger (4.0.50) lib/phusion_passenger/request_handler.rb:448:in `times'
  passenger (4.0.50) lib/phusion_passenger/request_handler.rb:448:in `start_threads'
  passenger (4.0.50) lib/phusion_passenger/request_handler.rb:447:in `synchronize'
  passenger (4.0.50) lib/phusion_passenger/request_handler.rb:447:in `start_threads'
  passenger (4.0.50) lib/phusion_passenger/request_handler.rb:208:in `main_loop'
  passenger (4.0.50) helper-scripts/classic-rails-preloader.rb:187

Rendering rescues/layout (not_found)
  [4;36;1mSQL (0.1ms)[0m   [0;1mSET NAMES 'utf8'[0m
  [4;35;1mSQL (0.1ms)[0m   [0mSET SQL_AUTO_IS_NULL=0[0m


Processing AdminController#index (for 127.0.0.1 at 2014-11-27 12:47:43) [GET]

ActionController::UnknownAction (No action responded to index. Actions: home):
  warden (0.10.7) lib/warden/manager.rb:35:in `call'
  warden (0.10.7) lib/warden/manager.rb:34:in `catch'
  warden (0.10.7) lib/warden/manager.rb:34:in `call'
  devise (1.0.11) lib/devise/rails/warden_compat.rb:43:in `call'
  passenger (4.0.50) lib/phusion_passenger/rack/thread_handler_extension.rb:74:in `process_request'
  passenger (4.0.50) lib/phusion_passenger/request_handler/thread_handler.rb:141:in `accept_and_process_next_request'
  passenger (4.0.50) lib/phusion_passenger/request_handler/thread_handler.rb:109:in `main_loop'
  passenger (4.0.50) lib/phusion_passenger/request_handler.rb:455:in `start_threads'
  passenger (4.0.50) lib/phusion_passenger/request_handler.rb:449:in `initialize'
  passenger (4.0.50) lib/phusion_passenger/request_handler.rb:449:in `new'
  passenger (4.0.50) lib/phusion_passenger/request_handler.rb:449:in `start_threads'
  passenger (4.0.50) lib/phusion_passenger/request_handler.rb:448:in `times'
  passenger (4.0.50) lib/phusion_passenger/request_handler.rb:448:in `start_threads'
  passenger (4.0.50) lib/phusion_passenger/request_handler.rb:447:in `synchronize'
  passenger (4.0.50) lib/phusion_passenger/request_handler.rb:447:in `start_threads'
  passenger (4.0.50) lib/phusion_passenger/request_handler.rb:208:in `main_loop'
  passenger (4.0.50) helper-scripts/classic-rails-preloader.rb:187

Rendering rescues/layout (not_found)
  [4;36;1mSQL (0.1ms)[0m   [0;1mSET NAMES 'utf8'[0m
  [4;35;1mSQL (0.1ms)[0m   [0mSET SQL_AUTO_IS_NULL=0[0m


Processing AdminController#home (for 127.0.0.1 at 2014-11-27 12:47:51) [GET]
Rendering template within layouts/application

ActionView::MissingTemplate (Missing template admin/home.erb in view path app/views:/home/mangochiman/.rvm/gems/ruby-1.8.7-p374/gems/devise-1.0.11/app/views):
  app/controllers/admin_controller.rb:4:in `home'
  warden (0.10.7) lib/warden/manager.rb:35:in `call'
  warden (0.10.7) lib/warden/manager.rb:34:in `catch'
  warden (0.10.7) lib/warden/manager.rb:34:in `call'
  devise (1.0.11) lib/devise/rails/warden_compat.rb:43:in `call'
  passenger (4.0.50) lib/phusion_passenger/rack/thread_handler_extension.rb:74:in `process_request'
  passenger (4.0.50) lib/phusion_passenger/request_handler/thread_handler.rb:141:in `accept_and_process_next_request'
  passenger (4.0.50) lib/phusion_passenger/request_handler/thread_handler.rb:109:in `main_loop'
  passenger (4.0.50) lib/phusion_passenger/request_handler.rb:455:in `start_threads'
  passenger (4.0.50) lib/phusion_passenger/request_handler.rb:449:in `initialize'
  passenger (4.0.50) lib/phusion_passenger/request_handler.rb:449:in `new'
  passenger (4.0.50) lib/phusion_passenger/request_handler.rb:449:in `start_threads'
  passenger (4.0.50) lib/phusion_passenger/request_handler.rb:448:in `times'
  passenger (4.0.50) lib/phusion_passenger/request_handler.rb:448:in `start_threads'
  passenger (4.0.50) lib/phusion_passenger/request_handler.rb:447:in `synchronize'
  passenger (4.0.50) lib/phusion_passenger/request_handler.rb:447:in `start_threads'
  passenger (4.0.50) lib/phusion_passenger/request_handler.rb:208:in `main_loop'
  passenger (4.0.50) helper-scripts/classic-rails-preloader.rb:187

Rendering rescues/layout (internal_server_error)
  [4;36;1mSQL (0.1ms)[0m   [0;1mSET NAMES 'utf8'[0m
  [4;35;1mSQL (0.1ms)[0m   [0mSET SQL_AUTO_IS_NULL=0[0m


Processing AdminController#home (for 127.0.0.1 at 2014-11-27 12:48:22) [GET]
Rendering template within layouts/application
Rendering admin/home
Completed in 10ms (View: 9, DB: 0) | 200 OK [http://0.0.0.0/admin/home]
  [4;36;1mSQL (0.1ms)[0m   [0;1mSET NAMES 'utf8'[0m
  [4;35;1mSQL (0.1ms)[0m   [0mSET SQL_AUTO_IS_NULL=0[0m


Processing AdminController#css to css (for 127.0.0.1 at 2014-11-27 12:48:22) [GET]
  Parameters: {"id"=>"style"}

ActionController::UnknownAction (No action responded to css. Actions: home):
  warden (0.10.7) lib/warden/manager.rb:35:in `call'
  warden (0.10.7) lib/warden/manager.rb:34:in `catch'
  warden (0.10.7) lib/warden/manager.rb:34:in `call'
  devise (1.0.11) lib/devise/rails/warden_compat.rb:43:in `call'
  passenger (4.0.50) lib/phusion_passenger/rack/thread_handler_extension.rb:74:in `process_request'
  passenger (4.0.50) lib/phusion_passenger/request_handler/thread_handler.rb:141:in `accept_and_process_next_request'
  passenger (4.0.50) lib/phusion_passenger/request_handler/thread_handler.rb:109:in `main_loop'
  passenger (4.0.50) lib/phusion_passenger/request_handler.rb:455:in `start_threads'
  passenger (4.0.50) lib/phusion_passenger/request_handler.rb:449:in `initialize'
  passenger (4.0.50) lib/phusion_passenger/request_handler.rb:449:in `new'
  passenger (4.0.50) lib/phusion_passenger/request_handler.rb:449:in `start_threads'
  passenger (4.0.50) lib/phusion_passenger/request_handler.rb:448:in `times'
  passenger (4.0.50) lib/phusion_passenger/request_handler.rb:448:in `start_threads'
  passenger (4.0.50) lib/phusion_passenger/request_handler.rb:447:in `synchronize'
  passenger (4.0.50) lib/phusion_passenger/request_handler.rb:447:in `start_threads'
  passenger (4.0.50) lib/phusion_passenger/request_handler.rb:208:in `main_loop'
  passenger (4.0.50) helper-scripts/classic-rails-preloader.rb:187

Rendering rescues/layout (not_found)
  [4;36;1mSQL (0.1ms)[0m   [0;1mSET NAMES 'utf8'[0m
  [4;35;1mSQL (0.1ms)[0m   [0mSET SQL_AUTO_IS_NULL=0[0m


Processing AdminController#js to js (for 127.0.0.1 at 2014-11-27 12:48:22) [GET]
  Parameters: {"id"=>"script"}

ActionController::UnknownAction (No action responded to js. Actions: home):
  warden (0.10.7) lib/warden/manager.rb:35:in `call'
  warden (0.10.7) lib/warden/manager.rb:34:in `catch'
  warden (0.10.7) lib/warden/manager.rb:34:in `call'
  devise (1.0.11) lib/devise/rails/warden_compat.rb:43:in `call'
  passenger (4.0.50) lib/phusion_passenger/rack/thread_handler_extension.rb:74:in `process_request'
  passenger (4.0.50) lib/phusion_passenger/request_handler/thread_handler.rb:141:in `accept_and_process_next_request'
  passenger (4.0.50) lib/phusion_passenger/request_handler/thread_handler.rb:109:in `main_loop'
  passenger (4.0.50) lib/phusion_passenger/request_handler.rb:455:in `start_threads'
  passenger (4.0.50) lib/phusion_passenger/request_handler.rb:449:in `initialize'
  passenger (4.0.50) lib/phusion_passenger/request_handler.rb:449:in `new'
  passenger (4.0.50) lib/phusion_passenger/request_handler.rb:449:in `start_threads'
  passenger (4.0.50) lib/phusion_passenger/request_handler.rb:448:in `times'
  passenger (4.0.50) lib/phusion_passenger/request_handler.rb:448:in `start_threads'
  passenger (4.0.50) lib/phusion_passenger/request_handler.rb:447:in `synchronize'
  passenger (4.0.50) lib/phusion_passenger/request_handler.rb:447:in `start_threads'
  passenger (4.0.50) lib/phusion_passenger/request_handler.rb:208:in `main_loop'
  passenger (4.0.50) helper-scripts/classic-rails-preloader.rb:187

Rendering rescues/layout (not_found)
  [4;36;1mSQL (0.1ms)[0m   [0;1mSET NAMES 'utf8'[0m
  [4;35;1mSQL (0.1ms)[0m   [0mSET SQL_AUTO_IS_NULL=0[0m


Processing AdminController#images to png (for 127.0.0.1 at 2014-11-27 12:48:22) [GET]
  Parameters: {"id"=>"company-logo"}

ActionController::UnknownAction (No action responded to images. Actions: home):
  warden (0.10.7) lib/warden/manager.rb:35:in `call'
  warden (0.10.7) lib/warden/manager.rb:34:in `catch'
  warden (0.10.7) lib/warden/manager.rb:34:in `call'
  devise (1.0.11) lib/devise/rails/warden_compat.rb:43:in `call'
  passenger (4.0.50) lib/phusion_passenger/rack/thread_handler_extension.rb:74:in `process_request'
  passenger (4.0.50) lib/phusion_passenger/request_handler/thread_handler.rb:141:in `accept_and_process_next_request'
  passenger (4.0.50) lib/phusion_passenger/request_handler/thread_handler.rb:109:in `main_loop'
  passenger (4.0.50) lib/phusion_passenger/request_handler.rb:455:in `start_threads'
  passenger (4.0.50) lib/phusion_passenger/request_handler.rb:449:in `initialize'
  passenger (4.0.50) lib/phusion_passenger/request_handler.rb:449:in `new'
  passenger (4.0.50) lib/phusion_passenger/request_handler.rb:449:in `start_threads'
  passenger (4.0.50) lib/phusion_passenger/request_handler.rb:448:in `times'
  passenger (4.0.50) lib/phusion_passenger/request_handler.rb:448:in `start_threads'
  passenger (4.0.50) lib/phusion_passenger/request_handler.rb:447:in `synchronize'
  passenger (4.0.50) lib/phusion_passenger/request_handler.rb:447:in `start_threads'
  passenger (4.0.50) lib/phusion_passenger/request_handler.rb:208:in `main_loop'
  passenger (4.0.50) helper-scripts/classic-rails-preloader.rb:187

Rendering rescues/layout (not_found)
  [4;36;1mSQL (0.1ms)[0m   [0;1mSET NAMES 'utf8'[0m
  [4;35;1mSQL (0.1ms)[0m   [0mSET SQL_AUTO_IS_NULL=0[0m


Processing AdminController#home (for 127.0.0.1 at 2014-11-27 12:48:34) [GET]
Rendering template within layouts/application
Rendering admin/home
Completed in 1ms (View: 1, DB: 0) | 200 OK [http://0.0.0.0/admin/home]
  [4;36;1mSQL (0.1ms)[0m   [0;1mSET NAMES 'utf8'[0m
  [4;35;1mSQL (0.1ms)[0m   [0mSET SQL_AUTO_IS_NULL=0[0m
  [4;36;1mSQL (0.1ms)[0m   [0;1mSET NAMES 'utf8'[0m
  [4;35;1mSQL (0.1ms)[0m   [0mSET SQL_AUTO_IS_NULL=0[0m


Processing AdminController#css to css (for 127.0.0.1 at 2014-11-27 12:48:35) [GET]
  Parameters: {"id"=>"style"}

ActionController::UnknownAction (No action responded to css. Actions: home):
  warden (0.10.7) lib/warden/manager.rb:35:in `call'
  warden (0.10.7) lib/warden/manager.rb:34:in `catch'
  warden (0.10.7) lib/warden/manager.rb:34:in `call'
  devise (1.0.11) lib/devise/rails/warden_compat.rb:43:in `call'
  passenger (4.0.50) lib/phusion_passenger/rack/thread_handler_extension.rb:74:in `process_request'
  passenger (4.0.50) lib/phusion_passenger/request_handler/thread_handler.rb:141:in `accept_and_process_next_request'
  passenger (4.0.50) lib/phusion_passenger/request_handler/thread_handler.rb:109:in `main_loop'
  passenger (4.0.50) lib/phusion_passenger/request_handler.rb:455:in `start_threads'
  passenger (4.0.50) lib/phusion_passenger/request_handler.rb:449:in `initialize'
  passenger (4.0.50) lib/phusion_passenger/request_handler.rb:449:in `new'
  passenger (4.0.50) lib/phusion_passenger/request_handler.rb:449:in `start_threads'
  passenger (4.0.50) lib/phusion_passenger/request_handler.rb:448:in `times'
  passenger (4.0.50) lib/phusion_passenger/request_handler.rb:448:in `start_threads'
  passenger (4.0.50) lib/phusion_passenger/request_handler.rb:447:in `synchronize'
  passenger (4.0.50) lib/phusion_passenger/request_handler.rb:447:in `start_threads'
  passenger (4.0.50) lib/phusion_passenger/request_handler.rb:208:in `main_loop'
  passenger (4.0.50) helper-scripts/classic-rails-preloader.rb:187

Rendering rescues/layout (not_found)


Processing AdminController#js to js (for 127.0.0.1 at 2014-11-27 12:48:35) [GET]
  Parameters: {"id"=>"script"}

ActionController::UnknownAction (No action responded to js. Actions: home):
  warden (0.10.7) lib/warden/manager.rb:35:in `call'
  warden (0.10.7) lib/warden/manager.rb:34:in `catch'
  warden (0.10.7) lib/warden/manager.rb:34:in `call'
  devise (1.0.11) lib/devise/rails/warden_compat.rb:43:in `call'
  passenger (4.0.50) lib/phusion_passenger/rack/thread_handler_extension.rb:74:in `process_request'
  passenger (4.0.50) lib/phusion_passenger/request_handler/thread_handler.rb:141:in `accept_and_process_next_request'
  passenger (4.0.50) lib/phusion_passenger/request_handler/thread_handler.rb:109:in `main_loop'
  passenger (4.0.50) lib/phusion_passenger/request_handler.rb:455:in `start_threads'
  passenger (4.0.50) lib/phusion_passenger/request_handler.rb:449:in `initialize'
  passenger (4.0.50) lib/phusion_passenger/request_handler.rb:449:in `new'
  passenger (4.0.50) lib/phusion_passenger/request_handler.rb:449:in `start_threads'
  passenger (4.0.50) lib/phusion_passenger/request_handler.rb:448:in `times'
  passenger (4.0.50) lib/phusion_passenger/request_handler.rb:448:in `start_threads'
  passenger (4.0.50) lib/phusion_passenger/request_handler.rb:447:in `synchronize'
  passenger (4.0.50) lib/phusion_passenger/request_handler.rb:447:in `start_threads'
  passenger (4.0.50) lib/phusion_passenger/request_handler.rb:208:in `main_loop'
  passenger (4.0.50) helper-scripts/classic-rails-preloader.rb:187

Rendering rescues/layout (not_found)
  [4;36;1mSQL (0.1ms)[0m   [0;1mSET NAMES 'utf8'[0m
  [4;35;1mSQL (0.1ms)[0m   [0mSET SQL_AUTO_IS_NULL=0[0m


Processing AdminController#images to png (for 127.0.0.1 at 2014-11-27 12:48:37) [GET]
  Parameters: {"id"=>"company-logo"}

ActionController::UnknownAction (No action responded to images. Actions: home):
  warden (0.10.7) lib/warden/manager.rb:35:in `call'
  warden (0.10.7) lib/warden/manager.rb:34:in `catch'
  warden (0.10.7) lib/warden/manager.rb:34:in `call'
  devise (1.0.11) lib/devise/rails/warden_compat.rb:43:in `call'
  passenger (4.0.50) lib/phusion_passenger/rack/thread_handler_extension.rb:74:in `process_request'
  passenger (4.0.50) lib/phusion_passenger/request_handler/thread_handler.rb:141:in `accept_and_process_next_request'
  passenger (4.0.50) lib/phusion_passenger/request_handler/thread_handler.rb:109:in `main_loop'
  passenger (4.0.50) lib/phusion_passenger/request_handler.rb:455:in `start_threads'
  passenger (4.0.50) lib/phusion_passenger/request_handler.rb:449:in `initialize'
  passenger (4.0.50) lib/phusion_passenger/request_handler.rb:449:in `new'
  passenger (4.0.50) lib/phusion_passenger/request_handler.rb:449:in `start_threads'
  passenger (4.0.50) lib/phusion_passenger/request_handler.rb:448:in `times'
  passenger (4.0.50) lib/phusion_passenger/request_handler.rb:448:in `start_threads'
  passenger (4.0.50) lib/phusion_passenger/request_handler.rb:447:in `synchronize'
  passenger (4.0.50) lib/phusion_passenger/request_handler.rb:447:in `start_threads'
  passenger (4.0.50) lib/phusion_passenger/request_handler.rb:208:in `main_loop'
  passenger (4.0.50) helper-scripts/classic-rails-preloader.rb:187

Rendering rescues/layout (not_found)
  [4;36;1mSQL (0.1ms)[0m   [0;1mSET NAMES 'utf8'[0m
  [4;35;1mSQL (0.1ms)[0m   [0mSET SQL_AUTO_IS_NULL=0[0m


Processing AdminController#js to js (for 127.0.0.1 at 2014-11-27 12:48:37) [GET]
  Parameters: {"id"=>"script"}

ActionController::UnknownAction (No action responded to js. Actions: home):
  warden (0.10.7) lib/warden/manager.rb:35:in `call'
  warden (0.10.7) lib/warden/manager.rb:34:in `catch'
  warden (0.10.7) lib/warden/manager.rb:34:in `call'
  devise (1.0.11) lib/devise/rails/warden_compat.rb:43:in `call'
  passenger (4.0.50) lib/phusion_passenger/rack/thread_handler_extension.rb:74:in `process_request'
  passenger (4.0.50) lib/phusion_passenger/request_handler/thread_handler.rb:141:in `accept_and_process_next_request'
  passenger (4.0.50) lib/phusion_passenger/request_handler/thread_handler.rb:109:in `main_loop'
  passenger (4.0.50) lib/phusion_passenger/request_handler.rb:455:in `start_threads'
  passenger (4.0.50) lib/phusion_passenger/request_handler.rb:449:in `initialize'
  passenger (4.0.50) lib/phusion_passenger/request_handler.rb:449:in `new'
  passenger (4.0.50) lib/phusion_passenger/request_handler.rb:449:in `start_threads'
  passenger (4.0.50) lib/phusion_passenger/request_handler.rb:448:in `times'
  passenger (4.0.50) lib/phusion_passenger/request_handler.rb:448:in `start_threads'
  passenger (4.0.50) lib/phusion_passenger/request_handler.rb:447:in `synchronize'
  passenger (4.0.50) lib/phusion_passenger/request_handler.rb:447:in `start_threads'
  passenger (4.0.50) lib/phusion_passenger/request_handler.rb:208:in `main_loop'
  passenger (4.0.50) helper-scripts/classic-rails-preloader.rb:187

Rendering rescues/layout (not_found)
  [4;36;1mSQL (0.1ms)[0m   [0;1mSET NAMES 'utf8'[0m
  [4;35;1mSQL (0.1ms)[0m   [0mSET SQL_AUTO_IS_NULL=0[0m


Processing AdminController#images to png (for 127.0.0.1 at 2014-11-27 12:48:38) [GET]
  Parameters: {"id"=>"company-logo"}

ActionController::UnknownAction (No action responded to images. Actions: home):
  warden (0.10.7) lib/warden/manager.rb:35:in `call'
  warden (0.10.7) lib/warden/manager.rb:34:in `catch'
  warden (0.10.7) lib/warden/manager.rb:34:in `call'
  devise (1.0.11) lib/devise/rails/warden_compat.rb:43:in `call'
  passenger (4.0.50) lib/phusion_passenger/rack/thread_handler_extension.rb:74:in `process_request'
  passenger (4.0.50) lib/phusion_passenger/request_handler/thread_handler.rb:141:in `accept_and_process_next_request'
  passenger (4.0.50) lib/phusion_passenger/request_handler/thread_handler.rb:109:in `main_loop'
  passenger (4.0.50) lib/phusion_passenger/request_handler.rb:455:in `start_threads'
  passenger (4.0.50) lib/phusion_passenger/request_handler.rb:449:in `initialize'
  passenger (4.0.50) lib/phusion_passenger/request_handler.rb:449:in `new'
  passenger (4.0.50) lib/phusion_passenger/request_handler.rb:449:in `start_threads'
  passenger (4.0.50) lib/phusion_passenger/request_handler.rb:448:in `times'
  passenger (4.0.50) lib/phusion_passenger/request_handler.rb:448:in `start_threads'
  passenger (4.0.50) lib/phusion_passenger/request_handler.rb:447:in `synchronize'
  passenger (4.0.50) lib/phusion_passenger/request_handler.rb:447:in `start_threads'
  passenger (4.0.50) lib/phusion_passenger/request_handler.rb:208:in `main_loop'
  passenger (4.0.50) helper-scripts/classic-rails-preloader.rb:187

Rendering rescues/layout (not_found)
  [4;36;1mSQL (0.1ms)[0m   [0;1mSET NAMES 'utf8'[0m
  [4;35;1mSQL (0.1ms)[0m   [0mSET SQL_AUTO_IS_NULL=0[0m


Processing AdminController#home (for 127.0.0.1 at 2014-11-27 12:49:52) [GET]
Rendering template within layouts/application
Rendering admin/home
Completed in 8ms (View: 7, DB: 0) | 200 OK [http://0.0.0.0/admin/home]
  [4;36;1mSQL (0.1ms)[0m   [0;1mSET NAMES 'utf8'[0m
  [4;35;1mSQL (0.1ms)[0m   [0mSET SQL_AUTO_IS_NULL=0[0m


Processing AdminController#css to css (for 127.0.0.1 at 2014-11-27 12:49:52) [GET]
  Parameters: {"id"=>"style"}

ActionController::UnknownAction (No action responded to css. Actions: home):
  warden (0.10.7) lib/warden/manager.rb:35:in `call'
  warden (0.10.7) lib/warden/manager.rb:34:in `catch'
  warden (0.10.7) lib/warden/manager.rb:34:in `call'
  devise (1.0.11) lib/devise/rails/warden_compat.rb:43:in `call'
  passenger (4.0.50) lib/phusion_passenger/rack/thread_handler_extension.rb:74:in `process_request'
  passenger (4.0.50) lib/phusion_passenger/request_handler/thread_handler.rb:141:in `accept_and_process_next_request'
  passenger (4.0.50) lib/phusion_passenger/request_handler/thread_handler.rb:109:in `main_loop'
  passenger (4.0.50) lib/phusion_passenger/request_handler.rb:455:in `start_threads'
  passenger (4.0.50) lib/phusion_passenger/request_handler.rb:449:in `initialize'
  passenger (4.0.50) lib/phusion_passenger/request_handler.rb:449:in `new'
  passenger (4.0.50) lib/phusion_passenger/request_handler.rb:449:in `start_threads'
  passenger (4.0.50) lib/phusion_passenger/request_handler.rb:448:in `times'
  passenger (4.0.50) lib/phusion_passenger/request_handler.rb:448:in `start_threads'
  passenger (4.0.50) lib/phusion_passenger/request_handler.rb:447:in `synchronize'
  passenger (4.0.50) lib/phusion_passenger/request_handler.rb:447:in `start_threads'
  passenger (4.0.50) lib/phusion_passenger/request_handler.rb:208:in `main_loop'
  passenger (4.0.50) helper-scripts/classic-rails-preloader.rb:187

Rendering rescues/layout (not_found)
  [4;36;1mSQL (0.2ms)[0m   [0;1mSET NAMES 'utf8'[0m
  [4;35;1mSQL (0.2ms)[0m   [0mSET SQL_AUTO_IS_NULL=0[0m


Processing AdminController#images to png (for 127.0.0.1 at 2014-11-27 12:49:55) [GET]
  Parameters: {"id"=>"company-logo"}

ActionController::UnknownAction (No action responded to images. Actions: home):
  warden (0.10.7) lib/warden/manager.rb:35:in `call'
  warden (0.10.7) lib/warden/manager.rb:34:in `catch'
  warden (0.10.7) lib/warden/manager.rb:34:in `call'
  devise (1.0.11) lib/devise/rails/warden_compat.rb:43:in `call'
  passenger (4.0.50) lib/phusion_passenger/rack/thread_handler_extension.rb:74:in `process_request'
  passenger (4.0.50) lib/phusion_passenger/request_handler/thread_handler.rb:141:in `accept_and_process_next_request'
  passenger (4.0.50) lib/phusion_passenger/request_handler/thread_handler.rb:109:in `main_loop'
  passenger (4.0.50) lib/phusion_passenger/request_handler.rb:455:in `start_threads'
  passenger (4.0.50) lib/phusion_passenger/request_handler.rb:449:in `initialize'
  passenger (4.0.50) lib/phusion_passenger/request_handler.rb:449:in `new'
  passenger (4.0.50) lib/phusion_passenger/request_handler.rb:449:in `start_threads'
  passenger (4.0.50) lib/phusion_passenger/request_handler.rb:448:in `times'
  passenger (4.0.50) lib/phusion_passenger/request_handler.rb:448:in `start_threads'
  passenger (4.0.50) lib/phusion_passenger/request_handler.rb:447:in `synchronize'
  passenger (4.0.50) lib/phusion_passenger/request_handler.rb:447:in `start_threads'
  passenger (4.0.50) lib/phusion_passenger/request_handler.rb:208:in `main_loop'
  passenger (4.0.50) helper-scripts/classic-rails-preloader.rb:187

Rendering rescues/layout (not_found)
  [4;36;1mSQL (0.1ms)[0m   [0;1mSET NAMES 'utf8'[0m
  [4;35;1mSQL (0.1ms)[0m   [0mSET SQL_AUTO_IS_NULL=0[0m


Processing AdminController#images to png (for 127.0.0.1 at 2014-11-27 12:49:55) [GET]
  Parameters: {"id"=>"company-logo"}

ActionController::UnknownAction (No action responded to images. Actions: home):
  warden (0.10.7) lib/warden/manager.rb:35:in `call'
  warden (0.10.7) lib/warden/manager.rb:34:in `catch'
  warden (0.10.7) lib/warden/manager.rb:34:in `call'
  devise (1.0.11) lib/devise/rails/warden_compat.rb:43:in `call'
  passenger (4.0.50) lib/phusion_passenger/rack/thread_handler_extension.rb:74:in `process_request'
  passenger (4.0.50) lib/phusion_passenger/request_handler/thread_handler.rb:141:in `accept_and_process_next_request'
  passenger (4.0.50) lib/phusion_passenger/request_handler/thread_handler.rb:109:in `main_loop'
  passenger (4.0.50) lib/phusion_passenger/request_handler.rb:455:in `start_threads'
  passenger (4.0.50) lib/phusion_passenger/request_handler.rb:449:in `initialize'
  passenger (4.0.50) lib/phusion_passenger/request_handler.rb:449:in `new'
  passenger (4.0.50) lib/phusion_passenger/request_handler.rb:449:in `start_threads'
  passenger (4.0.50) lib/phusion_passenger/request_handler.rb:448:in `times'
  passenger (4.0.50) lib/phusion_passenger/request_handler.rb:448:in `start_threads'
  passenger (4.0.50) lib/phusion_passenger/request_handler.rb:447:in `synchronize'
  passenger (4.0.50) lib/phusion_passenger/request_handler.rb:447:in `start_threads'
  passenger (4.0.50) lib/phusion_passenger/request_handler.rb:208:in `main_loop'
  passenger (4.0.50) helper-scripts/classic-rails-preloader.rb:187

Rendering rescues/layout (not_found)
  [4;36;1mSQL (0.1ms)[0m   [0;1mSET NAMES 'utf8'[0m
  [4;35;1mSQL (0.1ms)[0m   [0mSET SQL_AUTO_IS_NULL=0[0m


Processing AdminController#home (for 127.0.0.1 at 2014-11-27 12:51:07) [GET]
Rendering template within layouts/application
Rendering admin/home
Completed in 3ms (View: 1, DB: 0) | 200 OK [http://0.0.0.0/admin/home]
  [4;36;1mSQL (0.2ms)[0m   [0;1mSET NAMES 'utf8'[0m
  [4;35;1mSQL (0.1ms)[0m   [0mSET SQL_AUTO_IS_NULL=0[0m


Processing AdminController#css to css (for 127.0.0.1 at 2014-11-27 12:51:07) [GET]
  Parameters: {"id"=>"style"}

ActionController::UnknownAction (No action responded to css. Actions: home):
  warden (0.10.7) lib/warden/manager.rb:35:in `call'
  warden (0.10.7) lib/warden/manager.rb:34:in `catch'
  warden (0.10.7) lib/warden/manager.rb:34:in `call'
  devise (1.0.11) lib/devise/rails/warden_compat.rb:43:in `call'
  passenger (4.0.50) lib/phusion_passenger/rack/thread_handler_extension.rb:74:in `process_request'
  passenger (4.0.50) lib/phusion_passenger/request_handler/thread_handler.rb:141:in `accept_and_process_next_request'
  passenger (4.0.50) lib/phusion_passenger/request_handler/thread_handler.rb:109:in `main_loop'
  passenger (4.0.50) lib/phusion_passenger/request_handler.rb:455:in `start_threads'
  passenger (4.0.50) lib/phusion_passenger/request_handler.rb:449:in `initialize'
  passenger (4.0.50) lib/phusion_passenger/request_handler.rb:449:in `new'
  passenger (4.0.50) lib/phusion_passenger/request_handler.rb:449:in `start_threads'
  passenger (4.0.50) lib/phusion_passenger/request_handler.rb:448:in `times'
  passenger (4.0.50) lib/phusion_passenger/request_handler.rb:448:in `start_threads'
  passenger (4.0.50) lib/phusion_passenger/request_handler.rb:447:in `synchronize'
  passenger (4.0.50) lib/phusion_passenger/request_handler.rb:447:in `start_threads'
  passenger (4.0.50) lib/phusion_passenger/request_handler.rb:208:in `main_loop'
  passenger (4.0.50) helper-scripts/classic-rails-preloader.rb:187

Rendering rescues/layout (not_found)
  [4;36;1mSQL (0.1ms)[0m   [0;1mSET NAMES 'utf8'[0m
  [4;35;1mSQL (0.0ms)[0m   [0mSET SQL_AUTO_IS_NULL=0[0m


Processing AdminController#images to png (for 127.0.0.1 at 2014-11-27 12:51:07) [GET]
  Parameters: {"id"=>"company-logo"}

ActionController::UnknownAction (No action responded to images. Actions: home):
  warden (0.10.7) lib/warden/manager.rb:35:in `call'
  warden (0.10.7) lib/warden/manager.rb:34:in `catch'
  warden (0.10.7) lib/warden/manager.rb:34:in `call'
  devise (1.0.11) lib/devise/rails/warden_compat.rb:43:in `call'
  passenger (4.0.50) lib/phusion_passenger/rack/thread_handler_extension.rb:74:in `process_request'
  passenger (4.0.50) lib/phusion_passenger/request_handler/thread_handler.rb:141:in `accept_and_process_next_request'
  passenger (4.0.50) lib/phusion_passenger/request_handler/thread_handler.rb:109:in `main_loop'
  passenger (4.0.50) lib/phusion_passenger/request_handler.rb:455:in `start_threads'
  passenger (4.0.50) lib/phusion_passenger/request_handler.rb:449:in `initialize'
  passenger (4.0.50) lib/phusion_passenger/request_handler.rb:449:in `new'
  passenger (4.0.50) lib/phusion_passenger/request_handler.rb:449:in `start_threads'
  passenger (4.0.50) lib/phusion_passenger/request_handler.rb:448:in `times'
  passenger (4.0.50) lib/phusion_passenger/request_handler.rb:448:in `start_threads'
  passenger (4.0.50) lib/phusion_passenger/request_handler.rb:447:in `synchronize'
  passenger (4.0.50) lib/phusion_passenger/request_handler.rb:447:in `start_threads'
  passenger (4.0.50) lib/phusion_passenger/request_handler.rb:208:in `main_loop'
  passenger (4.0.50) helper-scripts/classic-rails-preloader.rb:187

Rendering rescues/layout (not_found)
  [4;36;1mSQL (0.1ms)[0m   [0;1mSET NAMES 'utf8'[0m
  [4;35;1mSQL (0.1ms)[0m   [0mSET SQL_AUTO_IS_NULL=0[0m


Processing AdminController#images to png (for 127.0.0.1 at 2014-11-27 12:51:07) [GET]
  Parameters: {"id"=>"company-logo"}

ActionController::UnknownAction (No action responded to images. Actions: home):
  warden (0.10.7) lib/warden/manager.rb:35:in `call'
  warden (0.10.7) lib/warden/manager.rb:34:in `catch'
  warden (0.10.7) lib/warden/manager.rb:34:in `call'
  devise (1.0.11) lib/devise/rails/warden_compat.rb:43:in `call'
  passenger (4.0.50) lib/phusion_passenger/rack/thread_handler_extension.rb:74:in `process_request'
  passenger (4.0.50) lib/phusion_passenger/request_handler/thread_handler.rb:141:in `accept_and_process_next_request'
  passenger (4.0.50) lib/phusion_passenger/request_handler/thread_handler.rb:109:in `main_loop'
  passenger (4.0.50) lib/phusion_passenger/request_handler.rb:455:in `start_threads'
  passenger (4.0.50) lib/phusion_passenger/request_handler.rb:449:in `initialize'
  passenger (4.0.50) lib/phusion_passenger/request_handler.rb:449:in `new'
  passenger (4.0.50) lib/phusion_passenger/request_handler.rb:449:in `start_threads'
  passenger (4.0.50) lib/phusion_passenger/request_handler.rb:448:in `times'
  passenger (4.0.50) lib/phusion_passenger/request_handler.rb:448:in `start_threads'
  passenger (4.0.50) lib/phusion_passenger/request_handler.rb:447:in `synchronize'
  passenger (4.0.50) lib/phusion_passenger/request_handler.rb:447:in `start_threads'
  passenger (4.0.50) lib/phusion_passenger/request_handler.rb:208:in `main_loop'
  passenger (4.0.50) helper-scripts/classic-rails-preloader.rb:187

Rendering rescues/layout (not_found)
  [4;36;1mSQL (0.1ms)[0m   [0;1mSET NAMES 'utf8'[0m
  [4;35;1mSQL (0.0ms)[0m   [0mSET SQL_AUTO_IS_NULL=0[0m


Processing AdminController#home (for 127.0.0.1 at 2014-11-27 12:51:23) [GET]
Rendering template within layouts/application
Rendering admin/home
Completed in 27ms (View: 26, DB: 0) | 200 OK [http://0.0.0.0/]
  [4;36;1mSQL (0.1ms)[0m   [0;1mSET NAMES 'utf8'[0m
  [4;35;1mSQL (0.1ms)[0m   [0mSET SQL_AUTO_IS_NULL=0[0m


Processing AdminController#home (for 127.0.0.1 at 2014-11-27 12:51:23) [GET]
Rendering template within layouts/application
Rendering admin/home
Completed in 21ms (View: 20, DB: 0) | 200 OK [http://0.0.0.0/]
  [4;36;1mSQL (0.1ms)[0m   [0;1mSET NAMES 'utf8'[0m
  [4;35;1mSQL (0.1ms)[0m   [0mSET SQL_AUTO_IS_NULL=0[0m


Processing ApplicationController#index (for 127.0.0.1 at 2014-11-27 12:51:23) [GET]

ActionController::RoutingError (No route matches "/css/style.css" with {:method=>:get}):
  warden (0.10.7) lib/warden/manager.rb:35:in `call'
  warden (0.10.7) lib/warden/manager.rb:34:in `catch'
  warden (0.10.7) lib/warden/manager.rb:34:in `call'
  devise (1.0.11) lib/devise/rails/warden_compat.rb:43:in `call'
  passenger (4.0.50) lib/phusion_passenger/rack/thread_handler_extension.rb:74:in `process_request'
  passenger (4.0.50) lib/phusion_passenger/request_handler/thread_handler.rb:141:in `accept_and_process_next_request'
  passenger (4.0.50) lib/phusion_passenger/request_handler/thread_handler.rb:109:in `main_loop'
  passenger (4.0.50) lib/phusion_passenger/request_handler.rb:455:in `start_threads'
  passenger (4.0.50) lib/phusion_passenger/request_handler.rb:449:in `initialize'
  passenger (4.0.50) lib/phusion_passenger/request_handler.rb:449:in `new'
  passenger (4.0.50) lib/phusion_passenger/request_handler.rb:449:in `start_threads'
  passenger (4.0.50) lib/phusion_passenger/request_handler.rb:448:in `times'
  passenger (4.0.50) lib/phusion_passenger/request_handler.rb:448:in `start_threads'
  passenger (4.0.50) lib/phusion_passenger/request_handler.rb:447:in `synchronize'
  passenger (4.0.50) lib/phusion_passenger/request_handler.rb:447:in `start_threads'
  passenger (4.0.50) lib/phusion_passenger/request_handler.rb:208:in `main_loop'
  passenger (4.0.50) helper-scripts/classic-rails-preloader.rb:187

Rendering rescues/layout (not_found)
  [4;36;1mSQL (0.1ms)[0m   [0;1mSET NAMES 'utf8'[0m
  [4;35;1mSQL (0.1ms)[0m   [0mSET SQL_AUTO_IS_NULL=0[0m
  [4;36;1mSQL (0.3ms)[0m   [0;1mSHOW TABLES[0m
  [4;35;1mSQL (259.3ms)[0m   [0mCREATE TABLE `schema_migrations` (`version` varchar(255) NOT NULL) ENGINE=InnoDB[0m
  [4;36;1mSQL (323.2ms)[0m   [0;1mCREATE UNIQUE INDEX `unique_schema_migrations` ON `schema_migrations` (`version`)[0m
  [4;35;1mSQL (0.2ms)[0m   [0mSHOW TABLES[0m
  [4;36;1mSQL (0.1ms)[0m   [0;1mSELECT version FROM schema_migrations[0m
Migrating to CreateStudent (20141124135810)
  [4;35;1mSQL (154.9ms)[0m   [0mCREATE TABLE `student` (`id` int(11) DEFAULT NULL auto_increment PRIMARY KEY, `student_id` int(11), `email` varchar(255), `password` varchar(255), `fname` varchar(255), `lname` varchar(255), `dob` date, `phone` varchar(255), `mobile` varchar(255), `parent_id` int(11), `date_of_join` datetime, `status` varchar(255), `last_login_date` datetime, `last_login_ip` varchar(255), `created_at` datetime, `updated_at` datetime) ENGINE=InnoDB[0m
  [4;36;1mSQL (55.3ms)[0m   [0;1mINSERT INTO schema_migrations (version) VALUES ('20141124135810')[0m
Migrating to Classroom (20141125172352)
  [4;35;1mSQL (164.6ms)[0m   [0mCREATE TABLE `class_room` (`class_room_id` int(11) DEFAULT NULL auto_increment PRIMARY KEY, `year` int(11), `grade` varchar(255), `section` varchar(255), `status` varchar(255), `remarks` varchar(255), `teacher_id` int(11), `created_at` datetime, `updated_at` datetime) ENGINE=InnoDB[0m
  [4;36;1mSQL (55.3ms)[0m   [0;1mINSERT INTO schema_migrations (version) VALUES ('20141125172352')[0m
Migrating to Grade (20141125172413)
  [4;35;1mSQL (131.3ms)[0m   [0mCREATE TABLE `grade` (`grade_id` int(11) DEFAULT NULL auto_increment PRIMARY KEY, `name` varchar(255), `desc` varchar(255), `created_at` datetime, `updated_at` datetime) ENGINE=InnoDB[0m
  [4;36;1mSQL (55.2ms)[0m   [0;1mINSERT INTO schema_migrations (version) VALUES ('20141125172413')[0m
Migrating to Course (20141125172424)
  [4;35;1mSQL (155.6ms)[0m   [0mCREATE TABLE `course` (`course_id` int(11) DEFAULT NULL auto_increment PRIMARY KEY, `name` int(11), `description` varchar(255), `grade_id` int(11), `created_at` datetime, `updated_at` datetime) ENGINE=InnoDB[0m
  [4;36;1mSQL (55.4ms)[0m   [0;1mINSERT INTO schema_migrations (version) VALUES ('20141125172424')[0m
Migrating to Student (20141125172441)
  [4;35;1mSQL (0.0ms)[0m   [0mMysql::Error: Table 'student' already exists: CREATE TABLE `student` (`student_id` int(11) DEFAULT NULL auto_increment PRIMARY KEY, `email` int(11), `password` varchar(255), `fname` varchar(255), `lname` varchar(255), `dob` varchar(255), `phone` varchar(255), `mobile` varchar(255), `parent_id` varchar(255), `date_of_join` varchar(255), `status` varchar(255), `last_login_date` varchar(255), `last_login_ip` varchar(255), `created_at` datetime, `updated_at` datetime) ENGINE=InnoDB[0m
  [4;36;1mSQL (0.1ms)[0m   [0;1mSET NAMES 'utf8'[0m
  [4;35;1mSQL (0.1ms)[0m   [0mSET SQL_AUTO_IS_NULL=0[0m
  [4;36;1mSQL (0.2ms)[0m   [0;1mSHOW TABLES[0m
  [4;35;1mSQL (0.2ms)[0m   [0mSELECT version FROM schema_migrations[0m
Migrating to CreateStudent (20141124135810)
Migrating to Classroom (20141125172352)
Migrating to Grade (20141125172413)
Migrating to Course (20141125172424)
Migrating to Student (20141125172441)
  [4;36;1mSQL (0.0ms)[0m   [0;1mMysql::Error: Table 'student' already exists: CREATE TABLE `student` (`student_id` int(11) DEFAULT NULL auto_increment PRIMARY KEY, `email` int(11), `password` varchar(255), `fname` varchar(255), `lname` varchar(255), `dob` varchar(255), `phone` varchar(255), `mobile` varchar(255), `parent_id` varchar(255), `date_of_join` varchar(255), `status` varchar(255), `last_login_date` varchar(255), `last_login_ip` varchar(255), `created_at` datetime, `updated_at` datetime) ENGINE=InnoDB[0m
  [4;36;1mSQL (0.1ms)[0m   [0;1mSET NAMES 'utf8'[0m
  [4;35;1mSQL (0.1ms)[0m   [0mSET SQL_AUTO_IS_NULL=0[0m
  [4;36;1mSQL (0.3ms)[0m   [0;1mSHOW TABLES[0m
  [4;35;1mSQL (147.1ms)[0m   [0mCREATE TABLE `schema_migrations` (`version` varchar(255) NOT NULL) ENGINE=InnoDB[0m
  [4;36;1mSQL (301.4ms)[0m   [0;1mCREATE UNIQUE INDEX `unique_schema_migrations` ON `schema_migrations` (`version`)[0m
  [4;35;1mSQL (0.4ms)[0m   [0mSHOW TABLES[0m
  [4;36;1mSQL (0.3ms)[0m   [0;1mSELECT version FROM schema_migrations[0m
Migrating to CreateStudent (20141124135810)
  [4;35;1mSQL (170.7ms)[0m   [0mCREATE TABLE `student` (`id` int(11) DEFAULT NULL auto_increment PRIMARY KEY, `student_id` int(11), `email` varchar(255), `password` varchar(255), `fname` varchar(255), `lname` varchar(255), `dob` date, `phone` varchar(255), `mobile` varchar(255), `parent_id` int(11), `date_of_join` datetime, `status` varchar(255), `last_login_date` datetime, `last_login_ip` varchar(255), `created_at` datetime, `updated_at` datetime) ENGINE=InnoDB[0m
  [4;36;1mSQL (55.2ms)[0m   [0;1mINSERT INTO schema_migrations (version) VALUES ('20141124135810')[0m
Migrating to Classroom (20141125172352)
  [4;35;1mSQL (142.3ms)[0m   [0mCREATE TABLE `class_room` (`class_room_id` int(11) DEFAULT NULL auto_increment PRIMARY KEY, `year` int(11), `grade` varchar(255), `section` varchar(255), `status` varchar(255), `remarks` varchar(255), `teacher_id` int(11), `created_at` datetime, `updated_at` datetime) ENGINE=InnoDB[0m
  [4;36;1mSQL (55.1ms)[0m   [0;1mINSERT INTO schema_migrations (version) VALUES ('20141125172352')[0m
Migrating to Grade (20141125172413)
  [4;35;1mSQL (142.1ms)[0m   [0mCREATE TABLE `grade` (`grade_id` int(11) DEFAULT NULL auto_increment PRIMARY KEY, `name` varchar(255), `desc` varchar(255), `created_at` datetime, `updated_at` datetime) ENGINE=InnoDB[0m
  [4;36;1mSQL (55.2ms)[0m   [0;1mINSERT INTO schema_migrations (version) VALUES ('20141125172413')[0m
Migrating to Course (20141125172424)
  [4;35;1mSQL (155.0ms)[0m   [0mCREATE TABLE `course` (`course_id` int(11) DEFAULT NULL auto_increment PRIMARY KEY, `name` int(11), `description` varchar(255), `grade_id` int(11), `created_at` datetime, `updated_at` datetime) ENGINE=InnoDB[0m
  [4;36;1mSQL (55.2ms)[0m   [0;1mINSERT INTO schema_migrations (version) VALUES ('20141125172424')[0m
Migrating to Student (20141125172441)
  [4;35;1mSQL (0.0ms)[0m   [0mMysql::Error: Table 'student' already exists: CREATE TABLE `student` (`student_id` int(11) DEFAULT NULL auto_increment PRIMARY KEY, `email` int(11), `password` varchar(255), `fname` varchar(255), `lname` varchar(255), `dob` varchar(255), `phone` varchar(255), `mobile` varchar(255), `parent_id` varchar(255), `date_of_join` varchar(255), `status` varchar(255), `last_login_date` varchar(255), `last_login_ip` varchar(255), `created_at` datetime, `updated_at` datetime) ENGINE=InnoDB[0m
  [4;36;1mSQL (0.1ms)[0m   [0;1mSET NAMES 'utf8'[0m
  [4;35;1mSQL (0.1ms)[0m   [0mSET SQL_AUTO_IS_NULL=0[0m
  [4;36;1mSQL (0.3ms)[0m   [0;1mSHOW TABLES[0m
  [4;35;1mSQL (176.0ms)[0m   [0mCREATE TABLE `schema_migrations` (`version` varchar(255) NOT NULL) ENGINE=InnoDB[0m
  [4;36;1mSQL (334.4ms)[0m   [0;1mCREATE UNIQUE INDEX `unique_schema_migrations` ON `schema_migrations` (`version`)[0m
  [4;35;1mSQL (0.3ms)[0m   [0mSHOW TABLES[0m
  [4;36;1mSQL (0.2ms)[0m   [0;1mSELECT version FROM schema_migrations[0m
Migrating to CreateStudent (20141124135810)
  [4;35;1mSQL (159.7ms)[0m   [0mCREATE TABLE `student` (`id` int(11) DEFAULT NULL auto_increment PRIMARY KEY, `student_id` int(11), `email` varchar(255), `password` varchar(255), `fname` varchar(255), `lname` varchar(255), `dob` date, `phone` varchar(255), `mobile` varchar(255), `parent_id` int(11), `date_of_join` datetime, `status` varchar(255), `last_login_date` datetime, `last_login_ip` varchar(255), `created_at` datetime, `updated_at` datetime) ENGINE=InnoDB[0m
  [4;36;1mSQL (55.0ms)[0m   [0;1mINSERT INTO schema_migrations (version) VALUES ('20141124135810')[0m
Migrating to Classroom (20141125172352)
  [4;35;1mSQL (154.6ms)[0m   [0mCREATE TABLE `class_room` (`class_room_id` int(11) DEFAULT NULL auto_increment PRIMARY KEY, `year` int(11), `grade` varchar(255), `section` varchar(255), `status` varchar(255), `remarks` varchar(255), `teacher_id` int(11), `created_at` datetime, `updated_at` datetime) ENGINE=InnoDB[0m
  [4;36;1mSQL (55.5ms)[0m   [0;1mINSERT INTO schema_migrations (version) VALUES ('20141125172352')[0m
Migrating to Grade (20141125172413)
  [4;35;1mSQL (142.2ms)[0m   [0mCREATE TABLE `grade` (`grade_id` int(11) DEFAULT NULL auto_increment PRIMARY KEY, `name` varchar(255), `desc` varchar(255), `created_at` datetime, `updated_at` datetime) ENGINE=InnoDB[0m
  [4;36;1mSQL (55.4ms)[0m   [0;1mINSERT INTO schema_migrations (version) VALUES ('20141125172413')[0m
Migrating to Course (20141125172424)
  [4;35;1mSQL (667.1ms)[0m   [0mCREATE TABLE `course` (`course_id` int(11) DEFAULT NULL auto_increment PRIMARY KEY, `name` int(11), `description` varchar(255), `grade_id` int(11), `created_at` datetime, `updated_at` datetime) ENGINE=InnoDB[0m
  [4;36;1mSQL (266.7ms)[0m   [0;1mINSERT INTO schema_migrations (version) VALUES ('20141125172424')[0m
Migrating to Student (20141125172441)
  [4;35;1mSQL (0.0ms)[0m   [0mMysql::Error: Table 'student' already exists: CREATE TABLE `student` (`student_id` int(11) DEFAULT NULL auto_increment PRIMARY KEY, `email` int(11), `password` varchar(255), `fname` varchar(255), `lname` varchar(255), `dob` varchar(255), `phone` varchar(255), `mobile` varchar(255), `parent_id` varchar(255), `date_of_join` varchar(255), `status` varchar(255), `last_login_date` varchar(255), `last_login_ip` varchar(255), `created_at` datetime, `updated_at` datetime) ENGINE=InnoDB[0m
  [4;36;1mSQL (0.1ms)[0m   [0;1mSET NAMES 'utf8'[0m
  [4;35;1mSQL (0.1ms)[0m   [0mSET SQL_AUTO_IS_NULL=0[0m
  [4;36;1mSQL (0.3ms)[0m   [0;1mSHOW TABLES[0m
  [4;35;1mSQL (0.3ms)[0m   [0mSELECT version FROM schema_migrations[0m
Migrating to CreateStudent (20141124135810)
Migrating to Classroom (20141125172352)
Migrating to Grade (20141125172413)
Migrating to Course (20141125172424)
Migrating to Student (20141125172441)
  [4;36;1mSQL (0.0ms)[0m   [0;1mMysql::Error: Table 'student' already exists: CREATE TABLE `student` (`student_id` int(11) DEFAULT NULL auto_increment PRIMARY KEY, `email` int(11), `password` varchar(255), `fname` varchar(255), `lname` varchar(255), `dob` varchar(255), `phone` varchar(255), `mobile` varchar(255), `parent_id` varchar(255), `date_of_join` varchar(255), `status` varchar(255), `last_login_date` varchar(255), `last_login_ip` varchar(255), `created_at` datetime, `updated_at` datetime) ENGINE=InnoDB[0m
  [4;36;1mSQL (0.2ms)[0m   [0;1mSET NAMES 'utf8'[0m
  [4;35;1mSQL (0.1ms)[0m   [0mSET SQL_AUTO_IS_NULL=0[0m
  [4;36;1mSQL (0.3ms)[0m   [0;1mSHOW TABLES[0m
  [4;35;1mSQL (148.3ms)[0m   [0mCREATE TABLE `schema_migrations` (`version` varchar(255) NOT NULL) ENGINE=InnoDB[0m
  [4;36;1mSQL (290.1ms)[0m   [0;1mCREATE UNIQUE INDEX `unique_schema_migrations` ON `schema_migrations` (`version`)[0m
  [4;35;1mSQL (0.3ms)[0m   [0mSHOW TABLES[0m
  [4;36;1mSQL (0.3ms)[0m   [0;1mSELECT version FROM schema_migrations[0m
Migrating to Classroom (20141125172352)
  [4;35;1mSQL (161.1ms)[0m   [0mCREATE TABLE `class_room` (`class_room_id` int(11) DEFAULT NULL auto_increment PRIMARY KEY, `year` int(11), `grade` varchar(255), `section` varchar(255), `status` varchar(255), `remarks` varchar(255), `teacher_id` int(11), `created_at` datetime, `updated_at` datetime) ENGINE=InnoDB[0m
  [4;36;1mSQL (55.2ms)[0m   [0;1mINSERT INTO schema_migrations (version) VALUES ('20141125172352')[0m
Migrating to Grade (20141125172413)
  [4;35;1mSQL (142.1ms)[0m   [0mCREATE TABLE `grade` (`grade_id` int(11) DEFAULT NULL auto_increment PRIMARY KEY, `name` varchar(255), `desc` varchar(255), `created_at` datetime, `updated_at` datetime) ENGINE=InnoDB[0m
  [4;36;1mSQL (55.5ms)[0m   [0;1mINSERT INTO schema_migrations (version) VALUES ('20141125172413')[0m
Migrating to Course (20141125172424)
  [4;35;1mSQL (132.4ms)[0m   [0mCREATE TABLE `course` (`course_id` int(11) DEFAULT NULL auto_increment PRIMARY KEY, `name` int(11), `description` varchar(255), `grade_id` int(11), `created_at` datetime, `updated_at` datetime) ENGINE=InnoDB[0m
  [4;36;1mSQL (55.2ms)[0m   [0;1mINSERT INTO schema_migrations (version) VALUES ('20141125172424')[0m
Migrating to Student (20141125172441)
  [4;35;1mSQL (211.0ms)[0m   [0mCREATE TABLE `student` (`student_id` int(11) DEFAULT NULL auto_increment PRIMARY KEY, `email` int(11), `password` varchar(255), `fname` varchar(255), `lname` varchar(255), `dob` varchar(255), `phone` varchar(255), `mobile` varchar(255), `parent_id` varchar(255), `date_of_join` varchar(255), `status` varchar(255), `last_login_date` varchar(255), `last_login_ip` varchar(255), `created_at` datetime, `updated_at` datetime) ENGINE=InnoDB[0m
  [4;36;1mSQL (55.3ms)[0m   [0;1mINSERT INTO schema_migrations (version) VALUES ('20141125172441')[0m
Migrating to Parent (20141125172451)
  [4;35;1mSQL (191.7ms)[0m   [0mCREATE TABLE `parent` (`parent_id` int(11) DEFAULT NULL auto_increment PRIMARY KEY, `email` int(11), `password` varchar(255), `fname` varchar(255), `lname` varchar(255), `dob` varchar(255), `phone` varchar(255), `mobile` varchar(255), `date_of_join` varchar(255), `status` varchar(255), `last_login_date` varchar(255), `last_login_ip` varchar(255), `created_at` datetime, `updated_at` datetime) ENGINE=InnoDB[0m
  [4;36;1mSQL (55.3ms)[0m   [0;1mINSERT INTO schema_migrations (version) VALUES ('20141125172451')[0m
Migrating to Teacher (20141125172506)
  [4;35;1mSQL (141.5ms)[0m   [0mCREATE TABLE `teacher` (`teacher_id` int(11) DEFAULT NULL auto_increment PRIMARY KEY, `email` int(11), `password` varchar(255), `fname` varchar(255), `lname` varchar(255), `dob` varchar(255), `phone` varchar(255), `mobile` varchar(255), `date_of_join` varchar(255), `status` varchar(255), `last_login_date` varchar(255), `last_login_ip` varchar(255), `created_at` datetime, `updated_at` datetime) ENGINE=InnoDB[0m
  [4;36;1mSQL (55.4ms)[0m   [0;1mINSERT INTO schema_migrations (version) VALUES ('20141125172506')[0m
Migrating to ExamResult (20141125172520)
  [4;35;1mSQL (165.5ms)[0m   [0mCREATE TABLE `exam_result` (`exam_id` int(11), `student_id` int(11), `course_id` int(11), `marks` varchar(255), `created_at` datetime, `updated_at` datetime) ENGINE=InnoDB[0m
  [4;36;1mSQL (55.3ms)[0m   [0;1mINSERT INTO schema_migrations (version) VALUES ('20141125172520')[0m
Migrating to Exam (20141125172532)
  [4;35;1mSQL (154.9ms)[0m   [0mCREATE TABLE `exam` (`exam_id` int(11) DEFAULT NULL auto_increment PRIMARY KEY, `exam_type` int(11), `name` varchar(255), `start_date` varchar(255), `created_at` datetime, `updated_at` datetime) ENGINE=InnoDB[0m
  [4;36;1mSQL (55.4ms)[0m   [0;1mINSERT INTO schema_migrations (version) VALUES ('20141125172532')[0m
Migrating to ExamType (20141125172540)
  [4;35;1mSQL (164.3ms)[0m   [0mCREATE TABLE `exam_type` (`exam_type_id` int(11) DEFAULT NULL auto_increment PRIMARY KEY, `name` varchar(255), `desc` varchar(255), `created_at` datetime, `updated_at` datetime) ENGINE=InnoDB[0m
  [4;36;1mSQL (55.3ms)[0m   [0;1mINSERT INTO schema_migrations (version) VALUES ('20141125172540')[0m
Migrating to Attendance (20141125172550)
  [4;35;1mSQL (153.4ms)[0m   [0mCREATE TABLE `attendance` (`date` varchar(255), `student_id` int(11), `status` varchar(255), `remark` varchar(255), `created_at` datetime, `updated_at` datetime) ENGINE=InnoDB[0m
  [4;36;1mSQL (55.2ms)[0m   [0;1mINSERT INTO schema_migrations (version) VALUES ('20141125172550')[0m
Migrating to ClassroomStudent (20141125172608)
  [4;35;1mSQL (176.8ms)[0m   [0mCREATE TABLE `class_room_student` (`class_room_id` int(11), `student_id` int(11), `created_at` datetime, `updated_at` datetime) ENGINE=InnoDB[0m
  [4;36;1mSQL (55.2ms)[0m   [0;1mINSERT INTO schema_migrations (version) VALUES ('20141125172608')[0m
Migrating to CreateGrades (20141127103638)
  [4;35;1mSQL (153.2ms)[0m   [0mCREATE TABLE `grades` (`id` int(11) DEFAULT NULL auto_increment PRIMARY KEY, `created_at` datetime, `updated_at` datetime) ENGINE=InnoDB[0m
  [4;36;1mSQL (55.3ms)[0m   [0;1mINSERT INTO schema_migrations (version) VALUES ('20141127103638')[0m
Migrating to CreateClassRooms (20141127103647)
  [4;35;1mSQL (131.0ms)[0m   [0mCREATE TABLE `class_rooms` (`id` int(11) DEFAULT NULL auto_increment PRIMARY KEY, `created_at` datetime, `updated_at` datetime) ENGINE=InnoDB[0m
  [4;36;1mSQL (55.3ms)[0m   [0;1mINSERT INTO schema_migrations (version) VALUES ('20141127103647')[0m
Migrating to CreateExaminationTypes (20141127103700)
  [4;35;1mSQL (153.2ms)[0m   [0mCREATE TABLE `examination_types` (`id` int(11) DEFAULT NULL auto_increment PRIMARY KEY, `created_at` datetime, `updated_at` datetime) ENGINE=InnoDB[0m
  [4;36;1mSQL (55.3ms)[0m   [0;1mINSERT INTO schema_migrations (version) VALUES ('20141127103700')[0m
Migrating to CreateExaminations (20141127103703)
  [4;35;1mSQL (197.6ms)[0m   [0mCREATE TABLE `examinations` (`id` int(11) DEFAULT NULL auto_increment PRIMARY KEY, `created_at` datetime, `updated_at` datetime) ENGINE=InnoDB[0m
  [4;36;1mSQL (55.5ms)[0m   [0;1mINSERT INTO schema_migrations (version) VALUES ('20141127103703')[0m
Migrating to CreateStudents (20141127103708)
  [4;35;1mSQL (131.0ms)[0m   [0mCREATE TABLE `students` (`id` int(11) DEFAULT NULL auto_increment PRIMARY KEY, `created_at` datetime, `updated_at` datetime) ENGINE=InnoDB[0m
  [4;36;1mSQL (55.5ms)[0m   [0;1mINSERT INTO schema_migrations (version) VALUES ('20141127103708')[0m
Migrating to CreateTeachers (20141127103716)
  [4;35;1mSQL (119.9ms)[0m   [0mCREATE TABLE `teachers` (`id` int(11) DEFAULT NULL auto_increment PRIMARY KEY, `created_at` datetime, `updated_at` datetime) ENGINE=InnoDB[0m
  [4;36;1mSQL (55.3ms)[0m   [0;1mINSERT INTO schema_migrations (version) VALUES ('20141127103716')[0m
Migrating to CreateCourses (20141127103727)
  [4;35;1mSQL (142.2ms)[0m   [0mCREATE TABLE `courses` (`id` int(11) DEFAULT NULL auto_increment PRIMARY KEY, `created_at` datetime, `updated_at` datetime) ENGINE=InnoDB[0m
  [4;36;1mSQL (55.3ms)[0m   [0;1mINSERT INTO schema_migrations (version) VALUES ('20141127103727')[0m
  [4;35;1mSQL (0.5ms)[0m   [0mSHOW TABLES[0m
  [4;36;1mSQL (0.4ms)[0m   [0;1mSELECT version FROM schema_migrations[0m
  [4;35;1mSQL (0.3ms)[0m   [0mSHOW TABLES[0m
  [4;36;1mSQL (1.0ms)[0m   [0;1mSHOW FIELDS FROM `attendance`[0m
  [4;35;1mSQL (0.8ms)[0m   [0mdescribe `attendance`[0m
  [4;36;1mSQL (0.3ms)[0m   [0;1mSHOW KEYS FROM `attendance`[0m
  [4;35;1mSQL (0.9ms)[0m   [0mSHOW FIELDS FROM `class_room`[0m
  [4;36;1mSQL (0.7ms)[0m   [0;1mdescribe `class_room`[0m
  [4;35;1mSQL (0.3ms)[0m   [0mSHOW KEYS FROM `class_room`[0m
  [4;36;1mSQL (0.7ms)[0m   [0;1mSHOW FIELDS FROM `class_room_student`[0m
  [4;35;1mSQL (0.6ms)[0m   [0mdescribe `class_room_student`[0m
  [4;36;1mSQL (0.2ms)[0m   [0;1mSHOW KEYS FROM `class_room_student`[0m
  [4;35;1mSQL (0.6ms)[0m   [0mSHOW FIELDS FROM `class_rooms`[0m
  [4;36;1mSQL (0.5ms)[0m   [0;1mdescribe `class_rooms`[0m
  [4;35;1mSQL (0.3ms)[0m   [0mSHOW KEYS FROM `class_rooms`[0m
  [4;36;1mSQL (0.7ms)[0m   [0;1mSHOW FIELDS FROM `course`[0m
  [4;35;1mSQL (0.6ms)[0m   [0mdescribe `course`[0m
  [4;36;1mSQL (0.3ms)[0m   [0;1mSHOW KEYS FROM `course`[0m
  [4;35;1mSQL (0.6ms)[0m   [0mSHOW FIELDS FROM `courses`[0m
  [4;36;1mSQL (0.6ms)[0m   [0;1mdescribe `courses`[0m
  [4;35;1mSQL (0.3ms)[0m   [0mSHOW KEYS FROM `courses`[0m
  [4;36;1mSQL (0.7ms)[0m   [0;1mSHOW FIELDS FROM `exam`[0m
  [4;35;1mSQL (0.6ms)[0m   [0mdescribe `exam`[0m
  [4;36;1mSQL (0.3ms)[0m   [0;1mSHOW KEYS FROM `exam`[0m
  [4;35;1mSQL (0.7ms)[0m   [0mSHOW FIELDS FROM `exam_result`[0m
  [4;36;1mSQL (0.6ms)[0m   [0;1mdescribe `exam_result`[0m
  [4;35;1mSQL (0.2ms)[0m   [0mSHOW KEYS FROM `exam_result`[0m
  [4;36;1mSQL (0.7ms)[0m   [0;1mSHOW FIELDS FROM `exam_type`[0m
  [4;35;1mSQL (0.6ms)[0m   [0mdescribe `exam_type`[0m
  [4;36;1mSQL (0.3ms)[0m   [0;1mSHOW KEYS FROM `exam_type`[0m
  [4;35;1mSQL (0.5ms)[0m   [0mSHOW FIELDS FROM `examination_types`[0m
  [4;36;1mSQL (0.4ms)[0m   [0;1mdescribe `examination_types`[0m
  [4;35;1mSQL (0.2ms)[0m   [0mSHOW KEYS FROM `examination_types`[0m
  [4;36;1mSQL (0.5ms)[0m   [0;1mSHOW FIELDS FROM `examinations`[0m
  [4;35;1mSQL (0.4ms)[0m   [0mdescribe `examinations`[0m
  [4;36;1mSQL (0.3ms)[0m   [0;1mSHOW KEYS FROM `examinations`[0m
  [4;35;1mSQL (0.5ms)[0m   [0mSHOW FIELDS FROM `grade`[0m
  [4;36;1mSQL (0.5ms)[0m   [0;1mdescribe `grade`[0m
  [4;35;1mSQL (0.2ms)[0m   [0mSHOW KEYS FROM `grade`[0m
  [4;36;1mSQL (0.5ms)[0m   [0;1mSHOW FIELDS FROM `grades`[0m
  [4;35;1mSQL (0.4ms)[0m   [0mdescribe `grades`[0m
  [4;36;1mSQL (0.2ms)[0m   [0;1mSHOW KEYS FROM `grades`[0m
  [4;35;1mSQL (0.8ms)[0m   [0mSHOW FIELDS FROM `parent`[0m
  [4;36;1mSQL (0.8ms)[0m   [0;1mdescribe `parent`[0m
  [4;35;1mSQL (0.2ms)[0m   [0mSHOW KEYS FROM `parent`[0m
  [4;36;1mSQL (1.0ms)[0m   [0;1mSHOW FIELDS FROM `student`[0m
  [4;35;1mSQL (0.8ms)[0m   [0mdescribe `student`[0m
  [4;36;1mSQL (0.2ms)[0m   [0;1mSHOW KEYS FROM `student`[0m
  [4;35;1mSQL (0.6ms)[0m   [0mSHOW FIELDS FROM `students`[0m
  [4;36;1mSQL (0.5ms)[0m   [0;1mdescribe `students`[0m
  [4;35;1mSQL (0.2ms)[0m   [0mSHOW KEYS FROM `students`[0m
  [4;36;1mSQL (0.7ms)[0m   [0;1mSHOW FIELDS FROM `teacher`[0m
  [4;35;1mSQL (0.7ms)[0m   [0mdescribe `teacher`[0m
  [4;36;1mSQL (0.2ms)[0m   [0;1mSHOW KEYS FROM `teacher`[0m
  [4;35;1mSQL (0.5ms)[0m   [0mSHOW FIELDS FROM `teachers`[0m
  [4;36;1mSQL (0.4ms)[0m   [0;1mdescribe `teachers`[0m
  [4;35;1mSQL (0.2ms)[0m   [0mSHOW KEYS FROM `teachers`[0m
  [4;36;1mSQL (0.2ms)[0m   [0;1mSET NAMES 'utf8'[0m
  [4;35;1mSQL (0.2ms)[0m   [0mSET SQL_AUTO_IS_NULL=0[0m


Processing AdminController#home (for 127.0.0.1 at 2014-11-27 13:45:18) [GET]
Rendering template within layouts/application
Rendering admin/home
Completed in 66ms (View: 65, DB: 0) | 200 OK [http://0.0.0.0/]
  [4;36;1mSQL (0.1ms)[0m   [0;1mSET NAMES 'utf8'[0m
  [4;35;1mSQL (0.1ms)[0m   [0mSET SQL_AUTO_IS_NULL=0[0m


Processing ApplicationController#index (for 127.0.0.1 at 2014-11-27 13:45:18) [GET]

ActionController::RoutingError (No route matches "/css/style.css" with {:method=>:get}):
  /home/nanchesi/.rbenv/versions/1.8.7-p374/lib/ruby/1.8/webrick/httpserver.rb:104:in `service'
  /home/nanchesi/.rbenv/versions/1.8.7-p374/lib/ruby/1.8/webrick/httpserver.rb:65:in `run'
  /home/nanchesi/.rbenv/versions/1.8.7-p374/lib/ruby/1.8/webrick/server.rb:173:in `start_thread'
  /home/nanchesi/.rbenv/versions/1.8.7-p374/lib/ruby/1.8/webrick/server.rb:162:in `start'
  /home/nanchesi/.rbenv/versions/1.8.7-p374/lib/ruby/1.8/webrick/server.rb:162:in `start_thread'
  /home/nanchesi/.rbenv/versions/1.8.7-p374/lib/ruby/1.8/webrick/server.rb:95:in `start'
  /home/nanchesi/.rbenv/versions/1.8.7-p374/lib/ruby/1.8/webrick/server.rb:92:in `each'
  /home/nanchesi/.rbenv/versions/1.8.7-p374/lib/ruby/1.8/webrick/server.rb:92:in `start'
  /home/nanchesi/.rbenv/versions/1.8.7-p374/lib/ruby/1.8/webrick/server.rb:23:in `start'
  /home/nanchesi/.rbenv/versions/1.8.7-p374/lib/ruby/1.8/webrick/server.rb:82:in `start'

Rendering rescues/layout (not_found)
  [4;36;1mSQL (0.1ms)[0m   [0;1mSET NAMES 'utf8'[0m
  [4;35;1mSQL (0.0ms)[0m   [0mSET SQL_AUTO_IS_NULL=0[0m
  [4;36;1mSQL (0.2ms)[0m   [0;1mSHOW TABLES[0m
  [4;35;1mSQL (0.1ms)[0m   [0mSELECT version FROM schema_migrations[0m
Migrating to Classroom (20141125172352)
Migrating to Grade (20141125172413)
Migrating to Course (20141125172424)
Migrating to Student (20141125172441)
Migrating to Parent (20141125172451)
Migrating to Teacher (20141125172506)
Migrating to ExamResult (20141125172520)
Migrating to Exam (20141125172532)
Migrating to ExamType (20141125172540)
Migrating to Attendance (20141125172550)
Migrating to ClassroomStudent (20141125172608)
Migrating to CreateGrades (20141127103638)
Migrating to CreateClassRooms (20141127103647)
Migrating to CreateExaminationTypes (20141127103700)
Migrating to CreateExaminations (20141127103703)
Migrating to CreateStudents (20141127103708)
Migrating to CreateTeachers (20141127103716)
Migrating to CreateCourses (20141127103727)
Migrating to GlobalProperty (20141127115136)
  [4;36;1mSQL (181.1ms)[0m   [0;1mCREATE TABLE `global_property` (`global_property_id` int(11) DEFAULT NULL auto_increment PRIMARY KEY, `property` varchar(255), `value` varchar(255), `created_at` datetime, `updated_at` datetime) ENGINE=InnoDB[0m
  [4;35;1mSQL (55.3ms)[0m   [0mINSERT INTO schema_migrations (version) VALUES ('20141127115136')[0m
  [4;36;1mSQL (0.5ms)[0m   [0;1mSHOW TABLES[0m
  [4;35;1mSQL (0.3ms)[0m   [0mSELECT version FROM schema_migrations[0m
  [4;36;1mSQL (0.4ms)[0m   [0;1mSHOW TABLES[0m
  [4;35;1mSQL (0.8ms)[0m   [0mSHOW FIELDS FROM `attendance`[0m
  [4;36;1mSQL (0.7ms)[0m   [0;1mdescribe `attendance`[0m
  [4;35;1mSQL (0.3ms)[0m   [0mSHOW KEYS FROM `attendance`[0m
  [4;36;1mSQL (0.9ms)[0m   [0;1mSHOW FIELDS FROM `class_room`[0m
  [4;35;1mSQL (0.7ms)[0m   [0mdescribe `class_room`[0m
  [4;36;1mSQL (0.3ms)[0m   [0;1mSHOW KEYS FROM `class_room`[0m
  [4;35;1mSQL (0.7ms)[0m   [0mSHOW FIELDS FROM `class_room_student`[0m
  [4;36;1mSQL (4.8ms)[0m   [0;1mdescribe `class_room_student`[0m
  [4;35;1mSQL (0.4ms)[0m   [0mSHOW KEYS FROM `class_room_student`[0m
  [4;36;1mSQL (0.8ms)[0m   [0;1mSHOW FIELDS FROM `class_rooms`[0m
  [4;35;1mSQL (0.8ms)[0m   [0mdescribe `class_rooms`[0m
  [4;36;1mSQL (0.3ms)[0m   [0;1mSHOW KEYS FROM `class_rooms`[0m
  [4;35;1mSQL (0.8ms)[0m   [0mSHOW FIELDS FROM `course`[0m
  [4;36;1mSQL (0.8ms)[0m   [0;1mdescribe `course`[0m
  [4;35;1mSQL (0.3ms)[0m   [0mSHOW KEYS FROM `course`[0m
  [4;36;1mSQL (0.7ms)[0m   [0;1mSHOW FIELDS FROM `courses`[0m
  [4;35;1mSQL (0.6ms)[0m   [0mdescribe `courses`[0m
  [4;36;1mSQL (0.3ms)[0m   [0;1mSHOW KEYS FROM `courses`[0m
  [4;35;1mSQL (0.5ms)[0m   [0mSHOW FIELDS FROM `exam`[0m
  [4;36;1mSQL (0.4ms)[0m   [0;1mdescribe `exam`[0m
  [4;35;1mSQL (0.2ms)[0m   [0mSHOW KEYS FROM `exam`[0m
  [4;36;1mSQL (0.3ms)[0m   [0;1mSHOW FIELDS FROM `exam_result`[0m
  [4;35;1mSQL (0.3ms)[0m   [0mdescribe `exam_result`[0m
  [4;36;1mSQL (0.1ms)[0m   [0;1mSHOW KEYS FROM `exam_result`[0m
  [4;35;1mSQL (0.3ms)[0m   [0mSHOW FIELDS FROM `exam_type`[0m
  [4;36;1mSQL (0.3ms)[0m   [0;1mdescribe `exam_type`[0m
  [4;35;1mSQL (0.1ms)[0m   [0mSHOW KEYS FROM `exam_type`[0m
  [4;36;1mSQL (0.3ms)[0m   [0;1mSHOW FIELDS FROM `examination_types`[0m
  [4;35;1mSQL (0.3ms)[0m   [0mdescribe `examination_types`[0m
  [4;36;1mSQL (0.1ms)[0m   [0;1mSHOW KEYS FROM `examination_types`[0m
  [4;35;1mSQL (0.3ms)[0m   [0mSHOW FIELDS FROM `examinations`[0m
  [4;36;1mSQL (0.3ms)[0m   [0;1mdescribe `examinations`[0m
  [4;35;1mSQL (0.2ms)[0m   [0mSHOW KEYS FROM `examinations`[0m
  [4;36;1mSQL (0.4ms)[0m   [0;1mSHOW FIELDS FROM `global_property`[0m
  [4;35;1mSQL (0.3ms)[0m   [0mdescribe `global_property`[0m
  [4;36;1mSQL (0.2ms)[0m   [0;1mSHOW KEYS FROM `global_property`[0m
  [4;35;1mSQL (0.3ms)[0m   [0mSHOW FIELDS FROM `grade`[0m
  [4;36;1mSQL (0.3ms)[0m   [0;1mdescribe `grade`[0m
  [4;35;1mSQL (0.2ms)[0m   [0mSHOW KEYS FROM `grade`[0m
  [4;36;1mSQL (0.3ms)[0m   [0;1mSHOW FIELDS FROM `grades`[0m
  [4;35;1mSQL (0.3ms)[0m   [0mdescribe `grades`[0m
  [4;36;1mSQL (0.2ms)[0m   [0;1mSHOW KEYS FROM `grades`[0m
  [4;35;1mSQL (0.4ms)[0m   [0mSHOW FIELDS FROM `parent`[0m
  [4;36;1mSQL (0.4ms)[0m   [0;1mdescribe `parent`[0m
  [4;35;1mSQL (0.2ms)[0m   [0mSHOW KEYS FROM `parent`[0m
  [4;36;1mSQL (0.4ms)[0m   [0;1mSHOW FIELDS FROM `student`[0m
  [4;35;1mSQL (0.4ms)[0m   [0mdescribe `student`[0m
  [4;36;1mSQL (0.2ms)[0m   [0;1mSHOW KEYS FROM `student`[0m
  [4;35;1mSQL (0.3ms)[0m   [0mSHOW FIELDS FROM `students`[0m
  [4;36;1mSQL (0.3ms)[0m   [0;1mdescribe `students`[0m
  [4;35;1mSQL (0.2ms)[0m   [0mSHOW KEYS FROM `students`[0m
  [4;36;1mSQL (0.4ms)[0m   [0;1mSHOW FIELDS FROM `teacher`[0m
  [4;35;1mSQL (0.4ms)[0m   [0mdescribe `teacher`[0m
  [4;36;1mSQL (0.2ms)[0m   [0;1mSHOW KEYS FROM `teacher`[0m
  [4;35;1mSQL (0.3ms)[0m   [0mSHOW FIELDS FROM `teachers`[0m
  [4;36;1mSQL (0.6ms)[0m   [0;1mdescribe `teachers`[0m
  [4;35;1mSQL (0.3ms)[0m   [0mSHOW KEYS FROM `teachers`[0m
  [4;36;1mSQL (0.1ms)[0m   [0;1mSET NAMES 'utf8'[0m
  [4;35;1mSQL (0.0ms)[0m   [0mSET SQL_AUTO_IS_NULL=0[0m


Processing ApplicationController#index (for 127.0.0.1 at 2014-11-27 13:57:08) [GET]

ActionController::RoutingError (No route matches "/page-full-width.html" with {:method=>:get}):
  /home/nanchesi/.rbenv/versions/1.8.7-p374/lib/ruby/1.8/webrick/httpserver.rb:104:in `service'
  /home/nanchesi/.rbenv/versions/1.8.7-p374/lib/ruby/1.8/webrick/httpserver.rb:65:in `run'
  /home/nanchesi/.rbenv/versions/1.8.7-p374/lib/ruby/1.8/webrick/server.rb:173:in `start_thread'
  /home/nanchesi/.rbenv/versions/1.8.7-p374/lib/ruby/1.8/webrick/server.rb:162:in `start'
  /home/nanchesi/.rbenv/versions/1.8.7-p374/lib/ruby/1.8/webrick/server.rb:162:in `start_thread'
  /home/nanchesi/.rbenv/versions/1.8.7-p374/lib/ruby/1.8/webrick/server.rb:95:in `start'
  /home/nanchesi/.rbenv/versions/1.8.7-p374/lib/ruby/1.8/webrick/server.rb:92:in `each'
  /home/nanchesi/.rbenv/versions/1.8.7-p374/lib/ruby/1.8/webrick/server.rb:92:in `start'
  /home/nanchesi/.rbenv/versions/1.8.7-p374/lib/ruby/1.8/webrick/server.rb:23:in `start'
  /home/nanchesi/.rbenv/versions/1.8.7-p374/lib/ruby/1.8/webrick/server.rb:82:in `start'

Rendering rescues/layout (not_found)
  [4;36;1mSQL (0.1ms)[0m   [0;1mSET NAMES 'utf8'[0m
  [4;35;1mSQL (0.1ms)[0m   [0mSET SQL_AUTO_IS_NULL=0[0m


Processing AdminController#home (for 127.0.0.1 at 2014-11-27 13:58:22) [GET]
Rendering template within layouts/application
Rendering admin/home
Completed in 7ms (View: 6, DB: 0) | 200 OK [http://0.0.0.0/]
  [4;36;1mSQL (0.1ms)[0m   [0;1mSET NAMES 'utf8'[0m
  [4;35;1mSQL (0.1ms)[0m   [0mSET SQL_AUTO_IS_NULL=0[0m


Processing ApplicationController#index (for 127.0.0.1 at 2014-11-27 13:58:22) [GET]

ActionController::RoutingError (No route matches "/css/style.css" with {:method=>:get}):
  /home/nanchesi/.rbenv/versions/1.8.7-p374/lib/ruby/1.8/webrick/httpserver.rb:104:in `service'
  /home/nanchesi/.rbenv/versions/1.8.7-p374/lib/ruby/1.8/webrick/httpserver.rb:65:in `run'
  /home/nanchesi/.rbenv/versions/1.8.7-p374/lib/ruby/1.8/webrick/server.rb:173:in `start_thread'
  /home/nanchesi/.rbenv/versions/1.8.7-p374/lib/ruby/1.8/webrick/server.rb:162:in `start'
  /home/nanchesi/.rbenv/versions/1.8.7-p374/lib/ruby/1.8/webrick/server.rb:162:in `start_thread'
  /home/nanchesi/.rbenv/versions/1.8.7-p374/lib/ruby/1.8/webrick/server.rb:95:in `start'
  /home/nanchesi/.rbenv/versions/1.8.7-p374/lib/ruby/1.8/webrick/server.rb:92:in `each'
  /home/nanchesi/.rbenv/versions/1.8.7-p374/lib/ruby/1.8/webrick/server.rb:92:in `start'
  /home/nanchesi/.rbenv/versions/1.8.7-p374/lib/ruby/1.8/webrick/server.rb:23:in `start'
  /home/nanchesi/.rbenv/versions/1.8.7-p374/lib/ruby/1.8/webrick/server.rb:82:in `start'

Rendering rescues/layout (not_found)
